app/build/intermediates/manifest_merge_blame_file/release/processReleaseMainManifest/manifest-merger-blame-release-report.txt
1<?xml version="1.0" encoding="utf-8"?>
2<manifest xmlns:android="http://schemas.android.com/apk/res/android"
3    package="com.mobileagent.phoneagent"
4    android:versionCode="2"
5    android:versionName="1.1.0" >
6
7    <uses-sdk
8        android:minSdkVersion="24"
9        android:targetSdkVersion="34" />
10
11    <!-- 网络权限 -->
12    <uses-permission android:name="android.permission.INTERNET" />
12-->src/main/AndroidManifest.xml:6:5-67
12-->src/main/AndroidManifest.xml:6:22-64
13    <uses-permission android:name="android.permission.ACCESS_NETWORK_STATE" />
13-->src/main/AndroidManifest.xml:7:5-79
13-->src/main/AndroidManifest.xml:7:22-76
14
15    <!-- 无障碍服务权限 -->
16    <uses-permission android:name="android.permission.BIND_ACCESSIBILITY_SERVICE" />
16-->src/main/AndroidManifest.xml:10:5-11:47
16-->src/main/AndroidManifest.xml:10:22-82
17
18    <!-- 截图权限 -->
19    <uses-permission
19-->src/main/AndroidManifest.xml:14:5-15:38
20        android:name="android.permission.WRITE_EXTERNAL_STORAGE"
20-->src/main/AndroidManifest.xml:14:22-78
21        android:maxSdkVersion="32" />
21-->src/main/AndroidManifest.xml:15:9-35
22    <uses-permission
22-->src/main/AndroidManifest.xml:16:5-17:38
23        android:name="android.permission.READ_EXTERNAL_STORAGE"
23-->src/main/AndroidManifest.xml:16:22-77
24        android:maxSdkVersion="32" />
24-->src/main/AndroidManifest.xml:17:9-35
25
26    <!-- 前台服务权限 -->
27    <uses-permission android:name="android.permission.FOREGROUND_SERVICE" />
27-->src/main/AndroidManifest.xml:20:5-77
27-->src/main/AndroidManifest.xml:20:22-74
28    <uses-permission android:name="android.permission.FOREGROUND_SERVICE_SPECIAL_USE" />
28-->src/main/AndroidManifest.xml:21:5-89
28-->src/main/AndroidManifest.xml:21:22-86
29    <uses-permission android:name="android.permission.FOREGROUND_SERVICE_MEDIA_PROJECTION" />
29-->src/main/AndroidManifest.xml:22:5-94
29-->src/main/AndroidManifest.xml:22:22-91
30
31    <!-- 通知权限 (Android 13+) -->
32    <uses-permission android:name="android.permission.POST_NOTIFICATIONS" />
32-->src/main/AndroidManifest.xml:25:5-77
32-->src/main/AndroidManifest.xml:25:22-74
33
34    <!-- 语音输入权限 -->
35    <uses-permission android:name="android.permission.RECORD_AUDIO" />
35-->src/main/AndroidManifest.xml:28:5-71
35-->src/main/AndroidManifest.xml:28:22-68
36
37    <permission
37-->[androidx.core:core:1.12.0] AndroidManifest.xml:22:5-24:47
38        android:name="com.mobileagent.phoneagent.DYNAMIC_RECEIVER_NOT_EXPORTED_PERMISSION"
38-->[androidx.core:core:1.12.0] AndroidManifest.xml:23:9-81
39        android:protectionLevel="signature" />
39-->[androidx.core:core:1.12.0] AndroidManifest.xml:24:9-44
40
41    <uses-permission android:name="com.mobileagent.phoneagent.DYNAMIC_RECEIVER_NOT_EXPORTED_PERMISSION" />
41-->[androidx.core:core:1.12.0] AndroidManifest.xml:26:5-97
41-->[androidx.core:core:1.12.0] AndroidManifest.xml:26:22-94
42
43    <application
43-->src/main/AndroidManifest.xml:30:5-81:19
44        android:allowBackup="true"
44-->src/main/AndroidManifest.xml:31:9-35
45        android:appComponentFactory="androidx.core.app.CoreComponentFactory"
45-->[androidx.core:core:1.12.0] AndroidManifest.xml:28:18-86
46        android:extractNativeLibs="false"
47        android:icon="@mipmap/ic_launcher"
47-->src/main/AndroidManifest.xml:32:9-43
48        android:label="@string/app_name"
48-->src/main/AndroidManifest.xml:33:9-41
49        android:roundIcon="@mipmap/ic_launcher_round"
49-->src/main/AndroidManifest.xml:34:9-54
50        android:supportsRtl="true"
50-->src/main/AndroidManifest.xml:35:9-35
51        android:theme="@style/Theme.PhoneAgent"
51-->src/main/AndroidManifest.xml:36:9-48
52        android:usesCleartextTraffic="true" >
52-->src/main/AndroidManifest.xml:37:9-44
53
54        <!-- 主 Activity -->
55        <activity
55-->src/main/AndroidManifest.xml:41:9-49:20
56            android:name="com.mobileagent.phoneagent.MainActivity"
56-->src/main/AndroidManifest.xml:42:13-41
57            android:exported="true"
57-->src/main/AndroidManifest.xml:43:13-36
58            android:theme="@style/Theme.PhoneAgent" >
58-->src/main/AndroidManifest.xml:44:13-52
59            <intent-filter>
59-->src/main/AndroidManifest.xml:45:13-48:29
60                <action android:name="android.intent.action.MAIN" />
60-->src/main/AndroidManifest.xml:46:17-69
60-->src/main/AndroidManifest.xml:46:25-66
61
62                <category android:name="android.intent.category.LAUNCHER" />
62-->src/main/AndroidManifest.xml:47:17-77
62-->src/main/AndroidManifest.xml:47:27-74
63            </intent-filter>
64        </activity>
65
66        <!-- 设置 Activity -->
67        <activity
67-->src/main/AndroidManifest.xml:52:9-55:55
68            android:name="com.mobileagent.phoneagent.SettingsActivity"
68-->src/main/AndroidManifest.xml:53:13-45
69            android:exported="false"
69-->src/main/AndroidManifest.xml:54:13-37
70            android:theme="@style/Theme.PhoneAgent" />
70-->src/main/AndroidManifest.xml:55:13-52
71
72        <!-- 无障碍服务 -->
73        <service
73-->src/main/AndroidManifest.xml:58:9-68:19
74            android:name="com.mobileagent.phoneagent.service.PhoneAgentAccessibilityService"
74-->src/main/AndroidManifest.xml:59:13-67
75            android:exported="false"
75-->src/main/AndroidManifest.xml:60:13-37
76            android:permission="android.permission.BIND_ACCESSIBILITY_SERVICE" >
76-->src/main/AndroidManifest.xml:61:13-79
77            <intent-filter>
77-->src/main/AndroidManifest.xml:62:13-64:29
78                <action android:name="android.accessibilityservice.AccessibilityService" />
78-->src/main/AndroidManifest.xml:63:17-92
78-->src/main/AndroidManifest.xml:63:25-89
79            </intent-filter>
80
81            <meta-data
81-->src/main/AndroidManifest.xml:65:13-67:72
82                android:name="android.accessibilityservice"
82-->src/main/AndroidManifest.xml:66:17-60
83                android:resource="@xml/accessibility_service_config" />
83-->src/main/AndroidManifest.xml:67:17-69
84        </service>
85
86        <!-- 前台服务 -->
87        <service
87-->src/main/AndroidManifest.xml:71:9-79:19
88            android:name="com.mobileagent.phoneagent.service.AgentForegroundService"
88-->src/main/AndroidManifest.xml:72:13-59
89            android:enabled="true"
89-->src/main/AndroidManifest.xml:73:13-35
90            android:exported="false"
90-->src/main/AndroidManifest.xml:74:13-37
91            android:foregroundServiceType="mediaProjection|specialUse" >
91-->src/main/AndroidManifest.xml:75:13-71
92            <property
92-->src/main/AndroidManifest.xml:76:13-78:41
93                android:name="android.app.PROPERTY_SPECIAL_USE_FGS_SUBTYPE"
93-->src/main/AndroidManifest.xml:77:17-76
94                android:value="自动化助手" />
94-->src/main/AndroidManifest.xml:78:17-38
95        </service>
96
97        <provider
97-->[androidx.emoji2:emoji2:1.2.0] AndroidManifest.xml:24:9-32:20
98            android:name="androidx.startup.InitializationProvider"
98-->[androidx.emoji2:emoji2:1.2.0] AndroidManifest.xml:25:13-67
99            android:authorities="com.mobileagent.phoneagent.androidx-startup"
99-->[androidx.emoji2:emoji2:1.2.0] AndroidManifest.xml:26:13-68
100            android:exported="false" >
100-->[androidx.emoji2:emoji2:1.2.0] AndroidManifest.xml:27:13-37
101            <meta-data
101-->[androidx.emoji2:emoji2:1.2.0] AndroidManifest.xml:29:13-31:52
102                android:name="androidx.emoji2.text.EmojiCompatInitializer"
102-->[androidx.emoji2:emoji2:1.2.0] AndroidManifest.xml:30:17-75
103                android:value="androidx.startup" />
103-->[androidx.emoji2:emoji2:1.2.0] AndroidManifest.xml:31:17-49
104            <meta-data
104-->[androidx.lifecycle:lifecycle-process:2.7.0] AndroidManifest.xml:29:13-31:52
105                android:name="androidx.lifecycle.ProcessLifecycleInitializer"
105-->[androidx.lifecycle:lifecycle-process:2.7.0] AndroidManifest.xml:30:17-78
106                android:value="androidx.startup" />
106-->[androidx.lifecycle:lifecycle-process:2.7.0] AndroidManifest.xml:31:17-49
107            <meta-data
107-->[androidx.profileinstaller:profileinstaller:1.3.0] AndroidManifest.xml:29:13-31:52
108                android:name="androidx.profileinstaller.ProfileInstallerInitializer"
108-->[androidx.profileinstaller:profileinstaller:1.3.0] AndroidManifest.xml:30:17-85
109                android:value="androidx.startup" />
109-->[androidx.profileinstaller:profileinstaller:1.3.0] AndroidManifest.xml:31:17-49
110        </provider>
111
112        <receiver
112-->[androidx.profileinstaller:profileinstaller:1.3.0] AndroidManifest.xml:34:9-52:20
113            android:name="androidx.profileinstaller.ProfileInstallReceiver"
113-->[androidx.profileinstaller:profileinstaller:1.3.0] AndroidManifest.xml:35:13-76
114            android:directBootAware="false"
114-->[androidx.profileinstaller:profileinstaller:1.3.0] AndroidManifest.xml:36:13-44
115            android:enabled="true"
115-->[androidx.profileinstaller:profileinstaller:1.3.0] AndroidManifest.xml:37:13-35
116            android:exported="true"
116-->[androidx.profileinstaller:profileinstaller:1.3.0] AndroidManifest.xml:38:13-36
117            android:permission="android.permission.DUMP" >
117-->[androidx.profileinstaller:profileinstaller:1.3.0] AndroidManifest.xml:39:13-57
118            <intent-filter>
118-->[androidx.profileinstaller:profileinstaller:1.3.0] AndroidManifest.xml:40:13-42:29
119                <action android:name="androidx.profileinstaller.action.INSTALL_PROFILE" />
119-->[androidx.profileinstaller:profileinstaller:1.3.0] AndroidManifest.xml:41:17-91
119-->[androidx.profileinstaller:profileinstaller:1.3.0] AndroidManifest.xml:41:25-88
120            </intent-filter>
121            <intent-filter>
121-->[androidx.profileinstaller:profileinstaller:1.3.0] AndroidManifest.xml:43:13-45:29
122                <action android:name="androidx.profileinstaller.action.SKIP_FILE" />
122-->[androidx.profileinstaller:profileinstaller:1.3.0] AndroidManifest.xml:44:17-85
122-->[androidx.profileinstaller:profileinstaller:1.3.0] AndroidManifest.xml:44:25-82
123            </intent-filter>
124            <intent-filter>
124-->[androidx.profileinstaller:profileinstaller:1.3.0] AndroidManifest.xml:46:13-48:29
125                <action android:name="androidx.profileinstaller.action.SAVE_PROFILE" />
125-->[androidx.profileinstaller:profileinstaller:1.3.0] AndroidManifest.xml:47:17-88
125-->[androidx.profileinstaller:profileinstaller:1.3.0] AndroidManifest.xml:47:25-85
126            </intent-filter>
127            <intent-filter>
127-->[androidx.profileinstaller:profileinstaller:1.3.0] AndroidManifest.xml:49:13-51:29
128                <action android:name="androidx.profileinstaller.action.BENCHMARK_OPERATION" />
128-->[androidx.profileinstaller:profileinstaller:1.3.0] AndroidManifest.xml:50:17-95
128-->[androidx.profileinstaller:profileinstaller:1.3.0] AndroidManifest.xml:50:25-92
129            </intent-filter>
130        </receiver>
131    </application>
132
133</manifest>